<?xml version="1.0" encoding="UTF-8"?>
<testsuite name="ohtu.intjoukkosovellus.JoukkoOperaatiotTest" tests="3" skipped="0" failures="0" errors="0" timestamp="2017-04-20T06:08:51" hostname="dhcp-asv-103" time="0.04">
  <properties/>
  <testcase name="testaaLeikkaus" classname="ohtu.intjoukkosovellus.JoukkoOperaatiotTest" time="0.024"/>
  <testcase name="testSomething" classname="ohtu.intjoukkosovellus.JoukkoOperaatiotTest" time="0.012"/>
  <testcase name="testaaErotus" classname="ohtu.intjoukkosovellus.JoukkoOperaatiotTest" time="0.002"/>
  <system-out><![CDATA[]]></system-out>
  <system-err><![CDATA[]]></system-err>
</testsuite>
